#
# There is insufficient memory for the Java Runtime Environment to continue.
# Native memory allocation (mmap) failed to map 268435456 bytes for G1 virtual space
# Possible reasons:
#   The system is out of physical RAM or swap space
#   The process is running with CompressedOops enabled, and the Java Heap may be blocking the growth of the native heap
# Possible solutions:
#   Reduce memory load on the system
#   Increase physical memory or swap space
#   Check if swap backing store is full
#   Decrease Java heap size (-Xmx/-Xms)
#   Decrease number of Java threads
#   Decrease Java thread stack sizes (-Xss)
#   Set larger code cache with -XX:ReservedCodeCacheSize=
#   JVM is running with Zero Based Compressed Oops mode in which the Java heap is
#     placed in the first 32GB address space. The Java Heap base address is the
#     maximum limit for the native heap growth. Please use -XX:HeapBaseMinAddress
#     to set the Java Heap base and to place the Java Heap above 32GB virtual address.
# This output file may be truncated or incomplete.
#
#  Out of Memory Error (os_windows.cpp:3469), pid=26028, tid=15440
#
# JRE version:  (17.0.1+12) (build )
# Java VM: OpenJDK 64-Bit Server VM (17.0.1+12, mixed mode, sharing, tiered, compressed oops, compressed class ptrs, g1 gc, windows-amd64)
# No core dump will be written. Minidumps are not enabled by default on client versions of Windows
#

---------------  S U M M A R Y ------------

Command Line: ChatClient localhost 8989

Host: Intel(R) Core(TM) i7-4790K CPU @ 4.00GHz, 8 cores, 15G,  Windows 10 , 64 bit Build 18362 (10.0.18362.1110)
Time: Tue Feb 15 14:50:19 2022 Västeuropa, normaltid elapsed time: 0.015174 seconds (0d 0h 0m 0s)

---------------  T H R E A D  ---------------

Current thread (0x00000253350647e0):  JavaThread "Unknown thread" [_thread_in_vm, id=15440, stack(0x000000fc69200000,0x000000fc69300000)]

Stack: [0x000000fc69200000,0x000000fc69300000]
Native frames: (J=compiled Java code, j=interpreted, Vv=VM code, C=native code)
V  [jvm.dll+0x6744da]
V  [jvm.dll+0x82e144]
V  [jvm.dll+0x82f8ee]
V  [jvm.dll+0x82ff53]
V  [jvm.dll+0x245175]
V  [jvm.dll+0x6714c9]
V  [jvm.dll+0x665f92]
V  [jvm.dll+0x303c3b]
V  [jvm.dll+0x30b176]
V  [jvm.dll+0x35af1e]
V  [jvm.dll+0x35b14f]
V  [jvm.dll+0x2dab78]
V  [jvm.dll+0x2dbae4]
V  [jvm.dll+0x7ffdf1]
V  [jvm.dll+0x368c91]
V  [jvm.dll+0x7df2cc]
V  [jvm.dll+0x3eb59f]
V  [jvm.dll+0x3ed121]
C  [jli.dll+0x5277]
C  [ucrtbase.dll+0x210b2]
C  [KERNEL32.DLL+0x17c24]
C  [ntdll.dll+0x6d4d1]


---------------  P R O C E S S  ---------------

Threads class SMR info:
_java_thread_list=0x00007ff825164e58, length=0, elements={
}

Java Threads: ( => current thread )

Other Threads:
  0x00000253350b68f0 GCTaskThread "GC Thread#0" [stack: 0x000000fc69300000,0x000000fc69400000] [id=32464]
  0x00000253350c7880 ConcurrentGCThread "G1 Main Marker" [stack: 0x000000fc69400000,0x000000fc69500000] [id=2000]
  0x00000253350c8a30 ConcurrentGCThread "G1 Conc#0" [stack: 0x000000fc69500000,0x000000fc69600000] [id=30588]

[error occurred during error reporting (printing all threads), id 0xc0000005, EXCEPTION_ACCESS_VIOLATION (0xc0000005) at pc=0x00007ff82493b5f7]

VM state: not at safepoint (not fully initialized)

VM Mutex/Monitor currently owned by a thread:  ([mutex/lock_event])
[0x00000253350619e0] Heap_lock - owner thread: 0x00000253350647e0

Heap address: 0x0000000700e00000, size: 4082 MB, Compressed Oops mode: Zero based, Oop shift amount: 3

CDS archive(s) mapped at: [0x0000000000000000-0x0000000000000000-0x0000000000000000), size 0, SharedBaseAddress: 0x0000000800000000, ArchiveRelocationMode: 0.
Narrow klass base: 0x0000000000000000, Narrow klass shift: 0, Narrow klass range: 0x0

GC Precious Log:
<Empty>

Heap:
 garbage-first heap   total 0K, used 0K [0x0000000700e00000, 0x0000000800000000)
  region size 2048K, 0 young (0K), 0 survivors (0K)

[error occurred during error reporting (printing heap information), id 0xc0000005, EXCEPTION_ACCESS_VIOLATION (0xc0000005) at pc=0x00007ff824d1d729]

GC Heap History (0 events):
No events

Deoptimization events (0 events):
No events

Classes unloaded (0 events):
No events

Classes redefined (0 events):
No events

Internal exceptions (0 events):
No events

VM Operations (0 events):
No events

Events (1 events):
Event: 0.007 Loaded shared library F:\VS JDK\bin\java.dll


Dynamic libraries:
0x00007ff6ad9b0000 - 0x00007ff6ad9be000 	F:\VS JDK\bin\java.exe
0x00007ff8b5ea0000 - 0x00007ff8b6090000 	C:\WINDOWS\SYSTEM32\ntdll.dll
0x00007ff884090000 - 0x00007ff8840a6000 	C:\Program Files (x86)\AVG\Antivirus\aswhook.dll
0x00007ff8b5a20000 - 0x00007ff8b5ad2000 	C:\WINDOWS\System32\KERNEL32.DLL
0x00007ff8b32e0000 - 0x00007ff8b3585000 	C:\WINDOWS\System32\KERNELBASE.dll
0x00007ff8b3590000 - 0x00007ff8b368a000 	C:\WINDOWS\System32\ucrtbase.dll
0x00007ff8af1b0000 - 0x00007ff8af1c9000 	F:\VS JDK\bin\VCRUNTIME140.dll
0x00007ff8ae3b0000 - 0x00007ff8ae3c8000 	F:\VS JDK\bin\jli.dll
0x00007ff8b4730000 - 0x00007ff8b48c4000 	C:\WINDOWS\System32\USER32.dll
0x00007ff8b3260000 - 0x00007ff8b3281000 	C:\WINDOWS\System32\win32u.dll
0x00007ff8a6330000 - 0x00007ff8a65b4000 	C:\WINDOWS\WinSxS\amd64_microsoft.windows.common-controls_6595b64144ccf1df_6.0.18362.1256_none_9e7e379be45e40e2\COMCTL32.dll
0x00007ff8b5170000 - 0x00007ff8b5196000 	C:\WINDOWS\System32\GDI32.dll
0x00007ff8b4080000 - 0x00007ff8b411e000 	C:\WINDOWS\System32\msvcrt.dll
0x00007ff8b2fe0000 - 0x00007ff8b3176000 	C:\WINDOWS\System32\gdi32full.dll
0x00007ff8b5550000 - 0x00007ff8b5886000 	C:\WINDOWS\System32\combase.dll
0x00007ff8b3eb0000 - 0x00007ff8b3f4e000 	C:\WINDOWS\System32\msvcp_win.dll
0x00007ff8b5ae0000 - 0x00007ff8b5c00000 	C:\WINDOWS\System32\RPCRT4.dll
0x00007ff8b3690000 - 0x00007ff8b3711000 	C:\WINDOWS\System32\bcryptPrimitives.dll
0x00007ff8b3f70000 - 0x00007ff8b3f9e000 	C:\WINDOWS\System32\IMM32.DLL
0x00007ff8b0920000 - 0x00007ff8b092c000 	F:\VS JDK\bin\vcruntime140_1.dll
0x00007ff896da0000 - 0x00007ff896e31000 	F:\VS JDK\bin\msvcp140.dll
0x00007ff824650000 - 0x00007ff825296000 	F:\VS JDK\bin\server\jvm.dll
0x00007ff8b4680000 - 0x00007ff8b4723000 	C:\WINDOWS\System32\ADVAPI32.dll
0x00007ff8b54b0000 - 0x00007ff8b5547000 	C:\WINDOWS\System32\sechost.dll
0x00007ff8b5100000 - 0x00007ff8b5108000 	C:\WINDOWS\System32\PSAPI.DLL
0x00007ff8aa120000 - 0x00007ff8aa129000 	C:\WINDOWS\SYSTEM32\WSOCK32.dll
0x00007ff8b0780000 - 0x00007ff8b07a4000 	C:\WINDOWS\SYSTEM32\WINMM.dll
0x00007ff8aa8d0000 - 0x00007ff8aa8da000 	C:\WINDOWS\SYSTEM32\VERSION.dll
0x00007ff8b5c00000 - 0x00007ff8b5c6f000 	C:\WINDOWS\System32\WS2_32.dll
0x00007ff8b03e0000 - 0x00007ff8b040d000 	C:\WINDOWS\SYSTEM32\WINMMBASE.dll
0x00007ff8b3290000 - 0x00007ff8b32da000 	C:\WINDOWS\System32\cfgmgr32.dll
0x00007ff8b2d70000 - 0x00007ff8b2d81000 	C:\WINDOWS\System32\kernel.appcore.dll
0x00007ff8ae3a0000 - 0x00007ff8ae3aa000 	F:\VS JDK\bin\jimage.dll
0x00007ff8b0c20000 - 0x00007ff8b0e14000 	C:\WINDOWS\SYSTEM32\DBGHELP.DLL
0x00007ff8a8f70000 - 0x00007ff8a8f9a000 	C:\WINDOWS\SYSTEM32\dbgcore.DLL
0x00007ff8ab9a0000 - 0x00007ff8ab9c5000 	F:\VS JDK\bin\java.dll

dbghelp: loaded successfully - version: 4.0.5 - missing functions: none
symbol engine: initialized successfully - sym options: 0x614 - pdb path: .;F:\VS JDK\bin;C:\WINDOWS\SYSTEM32;C:\Program Files (x86)\AVG\Antivirus;C:\WINDOWS\WinSxS\amd64_microsoft.windows.common-controls_6595b64144ccf1df_6.0.18362.1256_none_9e7e379be45e40e2;F:\VS JDK\bin\server

VM Arguments:
java_command: ChatClient localhost 8989
java_class_path (initial): .
Launcher Type: SUN_STANDARD

[Global flags]
     intx CICompilerCount                          = 4                                         {product} {ergonomic}
     uint ConcGCThreads                            = 2                                         {product} {ergonomic}
     uint G1ConcRefinementThreads                  = 8                                         {product} {ergonomic}
   size_t G1HeapRegionSize                         = 2097152                                   {product} {ergonomic}
    uintx GCDrainStackTargetSize                   = 64                                        {product} {ergonomic}
   size_t InitialHeapSize                          = 268435456                                 {product} {ergonomic}
   size_t MarkStackSize                            = 4194304                                   {product} {ergonomic}
   size_t MaxHeapSize                              = 4280287232                                {product} {ergonomic}
   size_t MinHeapDeltaBytes                        = 2097152                                   {product} {ergonomic}
   size_t MinHeapSize                              = 8388608                                   {product} {ergonomic}
    uintx NonNMethodCodeHeapSize                   = 5839372                                {pd product} {ergonomic}
    uintx NonProfiledCodeHeapSize                  = 122909434                              {pd product} {ergonomic}
    uintx ProfiledCodeHeapSize                     = 122909434                              {pd product} {ergonomic}
    uintx ReservedCodeCacheSize                    = 251658240                              {pd product} {ergonomic}
     bool SegmentedCodeCache                       = true                                      {product} {ergonomic}
   size_t SoftMaxHeapSize                          = 4280287232                             {manageable} {ergonomic}
     bool UseCompressedClassPointers               = true                           {product lp64_product} {ergonomic}
     bool UseCompressedOops                        = true                           {product lp64_product} {ergonomic}
     bool UseG1GC                                  = true                                      {product} {ergonomic}
     bool UseLargePagesIndividualAllocation        = false                                  {pd product} {ergonomic}

Logging:
Log output configuration:
 #0: stdout all=warning uptime,level,tags
 #1: stderr all=off uptime,level,tags

Environment Variables:
PATH=F:\VS JDK\bin;C:\Program Files\Common Files\Oracle\Java\javapath;C:\Program Files (x86)\Razer\ChromaBroadcast\bin;C:\Program Files\Razer\ChromaBroadcast\bin;C:\Program Files (x86)\Razer Chroma SDK\bin;C:\Program Files\Razer Chroma SDK\bin;C:\Program Files (x86)\Common Files\Intel\Shared Libraries\redist\intel64\compiler;C:\ProgramData\Oracle\Java\javapath;C:\Program Files (x86)\Intel\iCLS Client\;C:\Program Files\Intel\iCLS Client\;C:\WINDOWS\system32;C:\WINDOWS;C:\WINDOWS\System32\Wbem;C:\WINDOWS\System32\WindowsPowerShell\v1.0\;C:\Program Files\Intel\Intel(R) Management Engine Components\DAL;C:\Program Files (x86)\Intel\Intel(R) Management Engine Components\DAL;C:\Program Files\Intel\Intel(R) Management Engine Components\IPT;C:\Program Files (x86)\Intel\Intel(R) Management Engine Components\IPT;C:\Program Files (x86)\Windows Live\Shared;E:\Livestreamer till VLC\Livestreamer;C:\Program Files (x86)\GtkSharp\2.12\bin;C:\WINDOWS\system32;C:\WINDOWS;C:\WINDOWS\System32\Wbem;C:\WINDOWS\System32\WindowsPowerShell\v1.0\;C:\WINDOWS\System32\OpenSSH\;C:\WINDOWS\system32\config\systemprofile\AppData\Local\Microsoft\WindowsApps;C:\Program Files (x86)\NVIDIA Corporation\PhysX\Common;C:\Program Files\NVIDIA Corporation\NVIDIA NvDLISR;F:\Java\bin;C:\Users\Yamada\AppData\Local\Microsoft\WindowsApps;F:\Microsoft VS Code\bin;C:\Users\Yamada\AppData\Local\GitHubDesktop\bin
USERNAME=Yamada
LANG=sv_SE.UTF-8
OS=Windows_NT
PROCESSOR_IDENTIFIER=Intel64 Family 6 Model 60 Stepping 3, GenuineIntel



---------------  S Y S T E M  ---------------

OS:
 Windows 10 , 64 bit Build 18362 (10.0.18362.1110)
OS uptime: 0 days 2:55 hours

CPU: total 8 (initial active 8) (4 cores per cpu, 2 threads per core) family 6 model 60 stepping 3 microcode 0x28, cx8, cmov, fxsr, ht, mmx, sse, sse2, sse3, ssse3, sse4.1, sse4.2, popcnt, lzcnt, tsc, tscinvbit, avx, avx2, aes, erms, clmul, bmi1, bmi2, fma, vzeroupper, clflush

Memory: 4k page, system-wide physical 16326M (5977M free)
TotalPageFile size 27563M (AvailPageFile size 234M)
current process WorkingSet (physical memory assigned to process): 10M, peak: 10M
current process commit charge ("private bytes"): 60M, peak: 316M

vm_info: OpenJDK 64-Bit Server VM (17.0.1+12) for windows-amd64 JRE (17.0.1+12), built on Oct 20 2021 07:42:55 by "" with MS VC++ 16.7 (VS2019)

END.
